<?xml version="1.0" encoding="utf-8"?><testsuites><testsuite name="pytest" errors="0" failures="0" skipped="0" tests="4" time="120.371" timestamp="2023-11-22T10:48:19.918337" hostname="cell-x-gene.hpc.cnag.cat"><testcase classname="tests.test_operator" name="test_create_and_delete" time="7.574" /><testcase classname="tests.test_operator" name="test_create_and_wait_deletion" time="66.338" /><testcase classname="tests.test_operator" name="test_create_without_metrics_server" time="41.578" /><testcase classname="tests.test_operator" name="test_create_with_wrong_manifest" time="1.330" /></testsuite></testsuites>